<?xml version="1.0" encoding="UTF-8"?>
<testsuite name="Tests" tests="3" skipped="0" failures="0" errors="0" timestamp="2021-04-10T07:31:14" hostname="DESKTOP-G79KBJE" time="0.039">
  <properties/>
  <testcase name="testSolution" classname="Tests" time="0.025"/>
  <testcase name="testSolution2" classname="Tests" time="0.005"/>
  <testcase name="testSolution3" classname="Tests" time="0.009"/>
  <system-out><![CDATA[]]></system-out>
  <system-err><![CDATA[]]></system-err>
</testsuite>
