<?xml version="1.0" encoding="UTF-8"?>
<testsuite name="Tests" tests="6" skipped="0" failures="0" errors="0" timestamp="2021-03-27T14:54:03" hostname="DESKTOP-G79KBJE" time="0.024">
  <properties/>
  <testcase name="testSolution" classname="Tests" time="0.014"/>
  <testcase name="testSolution2" classname="Tests" time="0.001"/>
  <testcase name="testSolution3" classname="Tests" time="0.001"/>
  <testcase name="testSolution4" classname="Tests" time="0.002"/>
  <testcase name="testSolution5" classname="Tests" time="0.001"/>
  <testcase name="testSolution6" classname="Tests" time="0.001"/>
  <system-out><![CDATA[]]></system-out>
  <system-err><![CDATA[]]></system-err>
</testsuite>
