<?xml version="1.0" encoding="UTF-8"?>
<testsuite name="Tests" tests="2" skipped="0" failures="0" errors="0" timestamp="2021-04-10T13:18:09" hostname="DESKTOP-G79KBJE" time="0.014">
  <properties/>
  <testcase name="testSolution" classname="Tests" time="0.01"/>
  <testcase name="testSolution2" classname="Tests" time="0.004"/>
  <system-out><![CDATA[]]></system-out>
  <system-err><![CDATA[]]></system-err>
</testsuite>
